<?xml version="1.0" encoding="UTF-8"?>
<testng-results skipped="0" failed="0" total="8" passed="8">
  <reporter-output>
  </reporter-output>
  <suite name="Suite" duration-ms="181457" started-at="2020-06-17T07:15:39Z" finished-at="2020-06-17T07:18:40Z">
    <groups>
      <group name="cucumber">
        <method signature="AbstractTestNGCucumberTests.runScenario(io.cucumber.testng.PickleEventWrapper, io.cucumber.testng.CucumberFeatureWrapper)[pri:0, instance:com.alexion.testRunner.RunCucumberTest@e25b2fe]" name="runScenario" class="io.cucumber.testng.AbstractTestNGCucumberTests"/>
      </group> <!-- cucumber -->
    </groups>
    <test name="Test" duration-ms="181457" started-at="2020-06-17T07:15:39Z" finished-at="2020-06-17T07:18:40Z">
      <class name="com.alexion.testRunner.RunCucumberTest">
        <test-method status="PASS" signature="setUpClass()[pri:0, instance:com.alexion.testRunner.RunCucumberTest@e25b2fe]" name="setUpClass" is-config="true" duration-ms="483" started-at="2020-06-17T12:45:39Z" finished-at="2020-06-17T12:45:39Z">
          <reporter-output>
          </reporter-output>
        </test-method> <!-- setUpClass -->
        <test-method status="PASS" signature="runScenario(io.cucumber.testng.PickleEventWrapper, io.cucumber.testng.CucumberFeatureWrapper)[pri:0, instance:com.alexion.testRunner.RunCucumberTest@e25b2fe]" name="runScenario" duration-ms="23764" started-at="2020-06-17T12:45:39Z" description="Runs Cucumber Scenarios" data-provider="scenarios" finished-at="2020-06-17T12:46:03Z">
          <params>
            <param index="0">
              <value>
                <![CDATA["Verify News&Media Link Function1"]]>
              </value>
            </param>
            <param index="1">
              <value>
                <![CDATA["News&Media Link Function"]]>
              </value>
            </param>
          </params>
          <reporter-output>
          </reporter-output>
        </test-method> <!-- runScenario -->
        <test-method status="PASS" signature="runScenario(io.cucumber.testng.PickleEventWrapper, io.cucumber.testng.CucumberFeatureWrapper)[pri:0, instance:com.alexion.testRunner.RunCucumberTest@e25b2fe]" name="runScenario" duration-ms="19778" started-at="2020-06-17T12:46:03Z" description="Runs Cucumber Scenarios" data-provider="scenarios" finished-at="2020-06-17T12:46:23Z">
          <params>
            <param index="0">
              <value>
                <![CDATA["Our Research Link Function2"]]>
              </value>
            </param>
            <param index="1">
              <value>
                <![CDATA["News&Media Link Function"]]>
              </value>
            </param>
          </params>
          <reporter-output>
          </reporter-output>
        </test-method> <!-- runScenario -->
        <test-method status="PASS" signature="runScenario(io.cucumber.testng.PickleEventWrapper, io.cucumber.testng.CucumberFeatureWrapper)[pri:0, instance:com.alexion.testRunner.RunCucumberTest@e25b2fe]" name="runScenario" duration-ms="23729" started-at="2020-06-17T12:46:23Z" description="Runs Cucumber Scenarios" data-provider="scenarios" finished-at="2020-06-17T12:46:47Z">
          <params>
            <param index="0">
              <value>
                <![CDATA["Our Research Link Function3"]]>
              </value>
            </param>
            <param index="1">
              <value>
                <![CDATA["News&Media Link Function"]]>
              </value>
            </param>
          </params>
          <reporter-output>
          </reporter-output>
        </test-method> <!-- runScenario -->
        <test-method status="PASS" signature="runScenario(io.cucumber.testng.PickleEventWrapper, io.cucumber.testng.CucumberFeatureWrapper)[pri:0, instance:com.alexion.testRunner.RunCucumberTest@e25b2fe]" name="runScenario" duration-ms="21912" started-at="2020-06-17T12:46:47Z" description="Runs Cucumber Scenarios" data-provider="scenarios" finished-at="2020-06-17T12:47:09Z">
          <params>
            <param index="0">
              <value>
                <![CDATA["Our Research Link Function4"]]>
              </value>
            </param>
            <param index="1">
              <value>
                <![CDATA["News&Media Link Function"]]>
              </value>
            </param>
          </params>
          <reporter-output>
          </reporter-output>
        </test-method> <!-- runScenario -->
        <test-method status="PASS" signature="runScenario(io.cucumber.testng.PickleEventWrapper, io.cucumber.testng.CucumberFeatureWrapper)[pri:0, instance:com.alexion.testRunner.RunCucumberTest@e25b2fe]" name="runScenario" duration-ms="24590" started-at="2020-06-17T12:47:09Z" description="Runs Cucumber Scenarios" data-provider="scenarios" finished-at="2020-06-17T12:47:33Z">
          <params>
            <param index="0">
              <value>
                <![CDATA["Verify ContactUs Link5"]]>
              </value>
            </param>
            <param index="1">
              <value>
                <![CDATA["ContactUs Link"]]>
              </value>
            </param>
          </params>
          <reporter-output>
          </reporter-output>
        </test-method> <!-- runScenario -->
        <test-method status="PASS" signature="runScenario(io.cucumber.testng.PickleEventWrapper, io.cucumber.testng.CucumberFeatureWrapper)[pri:0, instance:com.alexion.testRunner.RunCucumberTest@e25b2fe]" name="runScenario" duration-ms="20532" started-at="2020-06-17T12:47:33Z" description="Runs Cucumber Scenarios" data-provider="scenarios" finished-at="2020-06-17T12:47:54Z">
          <params>
            <param index="0">
              <value>
                <![CDATA["Verify Our Inspiration Link6"]]>
              </value>
            </param>
            <param index="1">
              <value>
                <![CDATA["ContactUs Link"]]>
              </value>
            </param>
          </params>
          <reporter-output>
          </reporter-output>
        </test-method> <!-- runScenario -->
        <test-method status="PASS" signature="runScenario(io.cucumber.testng.PickleEventWrapper, io.cucumber.testng.CucumberFeatureWrapper)[pri:0, instance:com.alexion.testRunner.RunCucumberTest@e25b2fe]" name="runScenario" duration-ms="23715" started-at="2020-06-17T12:47:54Z" description="Runs Cucumber Scenarios" data-provider="scenarios" finished-at="2020-06-17T12:48:17Z">
          <params>
            <param index="0">
              <value>
                <![CDATA["Verify Our Inspiration Link7"]]>
              </value>
            </param>
            <param index="1">
              <value>
                <![CDATA["ContactUs Link"]]>
              </value>
            </param>
          </params>
          <reporter-output>
          </reporter-output>
        </test-method> <!-- runScenario -->
        <test-method status="PASS" signature="runScenario(io.cucumber.testng.PickleEventWrapper, io.cucumber.testng.CucumberFeatureWrapper)[pri:0, instance:com.alexion.testRunner.RunCucumberTest@e25b2fe]" name="runScenario" duration-ms="21734" started-at="2020-06-17T12:48:17Z" description="Runs Cucumber Scenarios" data-provider="scenarios" finished-at="2020-06-17T12:48:39Z">
          <params>
            <param index="0">
              <value>
                <![CDATA["Verify Our Inspiration Link8"]]>
              </value>
            </param>
            <param index="1">
              <value>
                <![CDATA["ContactUs Link"]]>
              </value>
            </param>
          </params>
          <reporter-output>
          </reporter-output>
        </test-method> <!-- runScenario -->
        <test-method status="PASS" signature="tearDownClass()[pri:0, instance:com.alexion.testRunner.RunCucumberTest@e25b2fe]" name="tearDownClass" is-config="true" duration-ms="1124" started-at="2020-06-17T12:48:39Z" finished-at="2020-06-17T12:48:40Z">
          <reporter-output>
          </reporter-output>
        </test-method> <!-- tearDownClass -->
      </class> <!-- com.alexion.testRunner.RunCucumberTest -->
    </test> <!-- Test -->
  </suite> <!-- Suite -->
</testng-results>
